This file contains any messages produced by compilers while
running configure, to aid debugging if configure makes a mistake.

It was created by libbsd configure 0.9.1, which was
generated by GNU Autoconf 2.69.  Invocation command line was

  $ ./configure CPPFLAGS=-Wdate-time -D_FORTIFY_SOURCE=2 CFLAGS=-Wall -g -O2 -fdebug-prefix-map=/dev/shm/builddeps/libedit-dev/libbsd-dev/libbsd-dev=. -fstack-protector-strong -Wformat -Werror=format-security -march=native -pipe LDFLAGS=-Wl,-z,relro -Wl,-z,now -Wl,--as-needed,--gc-sections,--relax --build=x86_64-linux-gnu --disable-silent-rules --prefix=/usr --libdir=${prefix}/lib/x86_64-linux-gnu

## --------- ##
## Platform. ##
## --------- ##

hostname = server
uname -m = x86_64
uname -r = 4.18.0-2-amd64
uname -s = Linux
uname -v = #1 SMP Debian 4.18.10-2 (2018-11-02)

/usr/bin/uname -p = unknown
/bin/uname -X     = unknown

/bin/arch              = unknown
/usr/bin/arch -k       = unknown
/usr/convex/getsysinfo = unknown
/usr/bin/hostinfo      = unknown
/bin/machine           = unknown
/usr/bin/oslevel       = unknown
/bin/universe          = unknown

PATH: /opt/intel/compilers_and_libraries/linux/pkg_bin/intel64
PATH: /opt/intel/parallel_studio_xe_2019/bin
PATH: /usr/sbin
PATH: /usr/bin
PATH: /sbin
PATH: /bin
PATH: /usr/bin/X11


## ----------- ##
## Core tests. ##
## ----------- ##

configure:2460: checking for a BSD-compatible install
configure:2528: result: /usr/bin/install -c
configure:2539: checking whether build environment is sane
configure:2594: result: yes
configure:2745: checking for a thread-safe mkdir -p
configure:2784: result: /bin/mkdir -p
configure:2791: checking for gawk
configure:2807: found /usr/bin/gawk
configure:2818: result: gawk
configure:2829: checking whether make sets $(MAKE)
configure:2851: result: yes
configure:2880: checking whether make supports nested variables
configure:2897: result: yes
configure:3035: checking whether make supports nested variables
configure:3052: result: yes
configure:3087: checking for style of include used by make
configure:3115: result: GNU
configure:3186: checking for gcc
configure:3213: result: icc
configure:3442: checking for C compiler version
configure:3451: icc --version >&5
icc (ICC) 19.0.1.144 20181018
Copyright (C) 1985-2018 Intel Corporation.  All rights reserved.

configure:3462: $? = 0
configure:3451: icc -v >&5
icc version 19.0.1.144 (gcc version 8.2.0 compatibility)
icc: warning #10013: no objects specified for multi-file optimization
x86_64-linux-gnu-ld    /usr/lib/gcc/x86_64-linux-gnu/8/../../../x86_64-linux-gnu/Scrt1.o /usr/lib/gcc/x86_64-linux-gnu/8/../../../x86_64-linux-gnu/crti.o --eh-frame-hdr --build-id -dynamic-linker /lib64/ld-linux-x86-64.so.2 -m elf_x86_64 -o a.out -L/opt/intel/tbb/lib/intel64/gcc4.7 -L/opt/intel/compilers_and_libraries_2019.1.144/linux/compiler/lib/intel64_lin -L/usr/lib/gcc/x86_64-linux-gnu/8/ -L/usr/lib/gcc/x86_64-linux-gnu/8/../../../x86_64-linux-gnu/ -L/usr/lib/gcc/x86_64-linux-gnu/8/../../../../lib/ -L/lib/x86_64-linux-gnu/ -L/lib/../lib64 -L/lib/../lib/ -L/usr/lib/x86_64-linux-gnu/ -L/usr/lib/../lib/ -L/opt/intel/tbb/lib/intel64/gcc4.7/ -L/usr/lib/gcc/x86_64-linux-gnu/8/../../../ -L/lib64 -L/lib/ -L/usr/lib --as-needed --gc-sections --relax -Bdynamic -Bstatic -limf -lsvml -lirng -lmatmul -Bdynamic -lm -Bstatic -lipgo -ldecimal -Bdynamic -liomp5 --as-needed -lcilkrts -lstdc++ --no-as-needed -Bstatic -lirc -Bdynamic -lpthread -Bstatic -lsvml -Bdynamic -lc -Bstatic -lirc_s -Bdynamic -ldl -lc /usr/lib/gcc/x86_64-linux-gnu/8/../../../x86_64-linux-gnu/crtn.o
x86_64-linux-gnu-ld: /usr/lib/gcc/x86_64-linux-gnu/8/../../../x86_64-linux-gnu/Scrt1.o: in function `_start':
(.text+0x20): undefined reference to `main'
configure:3462: $? = 1
configure:3451: icc -V >&5
GNU ld (GNU Binutils for Debian) 2.31.1
Intel(R) C Intel(R) 64 Compiler for applications running on Intel(R) 64, Version 19.0.1.144 Build 20181018
Copyright (C) 1985-2018 Intel Corporation.  All rights reserved.

icc: warning #10013: no objects specified for multi-file optimization
x86_64-linux-gnu-ld: /usr/lib/gcc/x86_64-linux-gnu/8/../../../x86_64-linux-gnu/Scrt1.o: in function `_start':
(.text+0x20): undefined reference to `main'
configure:3462: $? = 1
configure:3451: icc -qversion >&5
icc: warning #10013: no objects specified for multi-file optimization
x86_64-linux-gnu-ld: /usr/lib/gcc/x86_64-linux-gnu/8/../../../x86_64-linux-gnu/Scrt1.o: in function `_start':
(.text+0x20): undefined reference to `main'
configure:3462: $? = 1
configure:3482: checking whether the C compiler works
configure:3504: icc -Wall -g -O2 -fdebug-prefix-map=/dev/shm/builddeps/libedit-dev/libbsd-dev/libbsd-dev=. -fstack-protector-strong -Wformat -Werror=format-security -march=native -pipe -Wdate-time -D_FORTIFY_SOURCE=2 -Wl,-z,relro -Wl,-z,now -Wl,--as-needed,--gc-sections,--relax conftest.c  >&5
configure:3508: $? = 0
configure:3556: result: yes
configure:3559: checking for C compiler default output file name
configure:3561: result: a.out
configure:3567: checking for suffix of executables
configure:3574: icc -o conftest -Wall -g -O2 -fdebug-prefix-map=/dev/shm/builddeps/libedit-dev/libbsd-dev/libbsd-dev=. -fstack-protector-strong -Wformat -Werror=format-security -march=native -pipe -Wdate-time -D_FORTIFY_SOURCE=2 -Wl,-z,relro -Wl,-z,now -Wl,--as-needed,--gc-sections,--relax conftest.c  >&5
configure:3578: $? = 0
configure:3600: result: 
configure:3622: checking whether we are cross compiling
configure:3630: icc -o conftest -Wall -g -O2 -fdebug-prefix-map=/dev/shm/builddeps/libedit-dev/libbsd-dev/libbsd-dev=. -fstack-protector-strong -Wformat -Werror=format-security -march=native -pipe -Wdate-time -D_FORTIFY_SOURCE=2 -Wl,-z,relro -Wl,-z,now -Wl,--as-needed,--gc-sections,--relax conftest.c  >&5
configure:3634: $? = 0
configure:3641: ./conftest
configure:3645: $? = 0
configure:3660: result: no
configure:3665: checking for suffix of object files
configure:3687: icc -c -Wall -g -O2 -fdebug-prefix-map=/dev/shm/builddeps/libedit-dev/libbsd-dev/libbsd-dev=. -fstack-protector-strong -Wformat -Werror=format-security -march=native -pipe -Wdate-time -D_FORTIFY_SOURCE=2 conftest.c >&5
configure:3691: $? = 0
configure:3712: result: o
configure:3716: checking whether we are using the GNU C compiler
configure:3735: icc -c -Wall -g -O2 -fdebug-prefix-map=/dev/shm/builddeps/libedit-dev/libbsd-dev/libbsd-dev=. -fstack-protector-strong -Wformat -Werror=format-security -march=native -pipe -Wdate-time -D_FORTIFY_SOURCE=2 conftest.c >&5
configure:3735: $? = 0
configure:3744: result: yes
configure:3753: checking whether icc accepts -g
configure:3773: icc -c -g -Wdate-time -D_FORTIFY_SOURCE=2 conftest.c >&5
configure:3773: $? = 0
configure:3814: result: yes
configure:3831: checking for icc option to accept ISO C89
configure:3894: icc  -c -Wall -g -O2 -fdebug-prefix-map=/dev/shm/builddeps/libedit-dev/libbsd-dev/libbsd-dev=. -fstack-protector-strong -Wformat -Werror=format-security -march=native -pipe -Wdate-time -D_FORTIFY_SOURCE=2 conftest.c >&5
configure:3894: $? = 0
configure:3907: result: none needed
configure:3932: checking whether icc understands -c and -o together
configure:3954: icc -c conftest.c -o conftest2.o
configure:3957: $? = 0
configure:3954: icc -c conftest.c -o conftest2.o
configure:3957: $? = 0
configure:3969: result: yes
configure:3988: checking dependency style of icc
configure:4099: result: gcc3
configure:4120: checking how to run the C preprocessor
configure:4151: icc -E -Wdate-time -D_FORTIFY_SOURCE=2 conftest.c
configure:4151: $? = 0
configure:4165: icc -E -Wdate-time -D_FORTIFY_SOURCE=2 conftest.c
conftest.c(11): error #2379: cannot open source file "ac_nonexistent.h"
  #include <ac_nonexistent.h>
                             ^

configure:4165: $? = 2
configure: failed program was:
| /* confdefs.h */
| #define PACKAGE_NAME "libbsd"
| #define PACKAGE_TARNAME "libbsd"
| #define PACKAGE_VERSION "0.9.1"
| #define PACKAGE_STRING "libbsd 0.9.1"
| #define PACKAGE_BUGREPORT "libbsd@lists.freedesktop.org"
| #define PACKAGE_URL ""
| #define PACKAGE "libbsd"
| #define VERSION "0.9.1"
| /* end confdefs.h.  */
| #include <ac_nonexistent.h>
configure:4190: result: icc -E
configure:4210: icc -E -Wdate-time -D_FORTIFY_SOURCE=2 conftest.c
configure:4210: $? = 0
configure:4224: icc -E -Wdate-time -D_FORTIFY_SOURCE=2 conftest.c
conftest.c(11): error #2379: cannot open source file "ac_nonexistent.h"
  #include <ac_nonexistent.h>
                             ^

configure:4224: $? = 2
configure: failed program was:
| /* confdefs.h */
| #define PACKAGE_NAME "libbsd"
| #define PACKAGE_TARNAME "libbsd"
| #define PACKAGE_VERSION "0.9.1"
| #define PACKAGE_STRING "libbsd 0.9.1"
| #define PACKAGE_BUGREPORT "libbsd@lists.freedesktop.org"
| #define PACKAGE_URL ""
| #define PACKAGE "libbsd"
| #define VERSION "0.9.1"
| /* end confdefs.h.  */
| #include <ac_nonexistent.h>
configure:4253: checking for grep that handles long lines and -e
configure:4311: result: /bin/grep
configure:4316: checking for egrep
configure:4378: result: /bin/grep -E
configure:4383: checking for ANSI C header files
configure:4403: icc -c -Wall -g -O2 -fdebug-prefix-map=/dev/shm/builddeps/libedit-dev/libbsd-dev/libbsd-dev=. -fstack-protector-strong -Wformat -Werror=format-security -march=native -pipe -Wdate-time -D_FORTIFY_SOURCE=2 conftest.c >&5
configure:4403: $? = 0
configure:4476: icc -o conftest -Wall -g -O2 -fdebug-prefix-map=/dev/shm/builddeps/libedit-dev/libbsd-dev/libbsd-dev=. -fstack-protector-strong -Wformat -Werror=format-security -march=native -pipe -Wdate-time -D_FORTIFY_SOURCE=2 -Wl,-z,relro -Wl,-z,now -Wl,--as-needed,--gc-sections,--relax conftest.c  >&5
configure:4476: $? = 0
configure:4476: ./conftest
configure:4476: $? = 0
configure:4487: result: yes
configure:4500: checking for sys/types.h
configure:4500: icc -c -Wall -g -O2 -fdebug-prefix-map=/dev/shm/builddeps/libedit-dev/libbsd-dev/libbsd-dev=. -fstack-protector-strong -Wformat -Werror=format-security -march=native -pipe -Wdate-time -D_FORTIFY_SOURCE=2 conftest.c >&5
configure:4500: $? = 0
configure:4500: result: yes
configure:4500: checking for sys/stat.h
configure:4500: icc -c -Wall -g -O2 -fdebug-prefix-map=/dev/shm/builddeps/libedit-dev/libbsd-dev/libbsd-dev=. -fstack-protector-strong -Wformat -Werror=format-security -march=native -pipe -Wdate-time -D_FORTIFY_SOURCE=2 conftest.c >&5
configure:4500: $? = 0
configure:4500: result: yes
configure:4500: checking for stdlib.h
configure:4500: icc -c -Wall -g -O2 -fdebug-prefix-map=/dev/shm/builddeps/libedit-dev/libbsd-dev/libbsd-dev=. -fstack-protector-strong -Wformat -Werror=format-security -march=native -pipe -Wdate-time -D_FORTIFY_SOURCE=2 conftest.c >&5
configure:4500: $? = 0
configure:4500: result: yes
configure:4500: checking for string.h
configure:4500: icc -c -Wall -g -O2 -fdebug-prefix-map=/dev/shm/builddeps/libedit-dev/libbsd-dev/libbsd-dev=. -fstack-protector-strong -Wformat -Werror=format-security -march=native -pipe -Wdate-time -D_FORTIFY_SOURCE=2 conftest.c >&5
configure:4500: $? = 0
configure:4500: result: yes
configure:4500: checking for memory.h
configure:4500: icc -c -Wall -g -O2 -fdebug-prefix-map=/dev/shm/builddeps/libedit-dev/libbsd-dev/libbsd-dev=. -fstack-protector-strong -Wformat -Werror=format-security -march=native -pipe -Wdate-time -D_FORTIFY_SOURCE=2 conftest.c >&5
configure:4500: $? = 0
configure:4500: result: yes
configure:4500: checking for strings.h
configure:4500: icc -c -Wall -g -O2 -fdebug-prefix-map=/dev/shm/builddeps/libedit-dev/libbsd-dev/libbsd-dev=. -fstack-protector-strong -Wformat -Werror=format-security -march=native -pipe -Wdate-time -D_FORTIFY_SOURCE=2 conftest.c >&5
configure:4500: $? = 0
configure:4500: result: yes
configure:4500: checking for inttypes.h
configure:4500: icc -c -Wall -g -O2 -fdebug-prefix-map=/dev/shm/builddeps/libedit-dev/libbsd-dev/libbsd-dev=. -fstack-protector-strong -Wformat -Werror=format-security -march=native -pipe -Wdate-time -D_FORTIFY_SOURCE=2 conftest.c >&5
configure:4500: $? = 0
configure:4500: result: yes
configure:4500: checking for stdint.h
configure:4500: icc -c -Wall -g -O2 -fdebug-prefix-map=/dev/shm/builddeps/libedit-dev/libbsd-dev/libbsd-dev=. -fstack-protector-strong -Wformat -Werror=format-security -march=native -pipe -Wdate-time -D_FORTIFY_SOURCE=2 conftest.c >&5
configure:4500: $? = 0
configure:4500: result: yes
configure:4500: checking for unistd.h
configure:4500: icc -c -Wall -g -O2 -fdebug-prefix-map=/dev/shm/builddeps/libedit-dev/libbsd-dev/libbsd-dev=. -fstack-protector-strong -Wformat -Werror=format-security -march=native -pipe -Wdate-time -D_FORTIFY_SOURCE=2 conftest.c >&5
configure:4500: $? = 0
configure:4500: result: yes
configure:4513: checking minix/config.h usability
configure:4513: icc -c -Wall -g -O2 -fdebug-prefix-map=/dev/shm/builddeps/libedit-dev/libbsd-dev/libbsd-dev=. -fstack-protector-strong -Wformat -Werror=format-security -march=native -pipe -Wdate-time -D_FORTIFY_SOURCE=2 conftest.c >&5
conftest.c(54): catastrophic error: cannot open source file "minix/config.h"
  #include <minix/config.h>
                           ^

compilation aborted for conftest.c (code 4)
configure:4513: $? = 4
configure: failed program was:
| /* confdefs.h */
| #define PACKAGE_NAME "libbsd"
| #define PACKAGE_TARNAME "libbsd"
| #define PACKAGE_VERSION "0.9.1"
| #define PACKAGE_STRING "libbsd 0.9.1"
| #define PACKAGE_BUGREPORT "libbsd@lists.freedesktop.org"
| #define PACKAGE_URL ""
| #define PACKAGE "libbsd"
| #define VERSION "0.9.1"
| #define STDC_HEADERS 1
| #define HAVE_SYS_TYPES_H 1
| #define HAVE_SYS_STAT_H 1
| #define HAVE_STDLIB_H 1
| #define HAVE_STRING_H 1
| #define HAVE_MEMORY_H 1
| #define HAVE_STRINGS_H 1
| #define HAVE_INTTYPES_H 1
| #define HAVE_STDINT_H 1
| #define HAVE_UNISTD_H 1
| /* end confdefs.h.  */
| #include <stdio.h>
| #ifdef HAVE_SYS_TYPES_H
| # include <sys/types.h>
| #endif
| #ifdef HAVE_SYS_STAT_H
| # include <sys/stat.h>
| #endif
| #ifdef STDC_HEADERS
| # include <stdlib.h>
| # include <stddef.h>
| #else
| # ifdef HAVE_STDLIB_H
| #  include <stdlib.h>
| # endif
| #endif
| #ifdef HAVE_STRING_H
| # if !defined STDC_HEADERS && defined HAVE_MEMORY_H
| #  include <memory.h>
| # endif
| # include <string.h>
| #endif
| #ifdef HAVE_STRINGS_H
| # include <strings.h>
| #endif
| #ifdef HAVE_INTTYPES_H
| # include <inttypes.h>
| #endif
| #ifdef HAVE_STDINT_H
| # include <stdint.h>
| #endif
| #ifdef HAVE_UNISTD_H
| # include <unistd.h>
| #endif
| #include <minix/config.h>
configure:4513: result: no
configure:4513: checking minix/config.h presence
configure:4513: icc -E -Wdate-time -D_FORTIFY_SOURCE=2 conftest.c
conftest.c(21): error #2379: cannot open source file "minix/config.h"
  #include <minix/config.h>
                           ^

configure:4513: $? = 2
configure: failed program was:
| /* confdefs.h */
| #define PACKAGE_NAME "libbsd"
| #define PACKAGE_TARNAME "libbsd"
| #define PACKAGE_VERSION "0.9.1"
| #define PACKAGE_STRING "libbsd 0.9.1"
| #define PACKAGE_BUGREPORT "libbsd@lists.freedesktop.org"
| #define PACKAGE_URL ""
| #define PACKAGE "libbsd"
| #define VERSION "0.9.1"
| #define STDC_HEADERS 1
| #define HAVE_SYS_TYPES_H 1
| #define HAVE_SYS_STAT_H 1
| #define HAVE_STDLIB_H 1
| #define HAVE_STRING_H 1
| #define HAVE_MEMORY_H 1
| #define HAVE_STRINGS_H 1
| #define HAVE_INTTYPES_H 1
| #define HAVE_STDINT_H 1
| #define HAVE_UNISTD_H 1
| /* end confdefs.h.  */
| #include <minix/config.h>
configure:4513: result: no
configure:4513: checking for minix/config.h
configure:4513: result: no
configure:4534: checking whether it is safe to define __EXTENSIONS__
configure:4552: icc -c -Wall -g -O2 -fdebug-prefix-map=/dev/shm/builddeps/libedit-dev/libbsd-dev/libbsd-dev=. -fstack-protector-strong -Wformat -Werror=format-security -march=native -pipe -Wdate-time -D_FORTIFY_SOURCE=2 conftest.c >&5
configure:4552: $? = 0
configure:4559: result: yes
configure:4580: checking for special C compiler options needed for large files
configure:4625: result: no
configure:4631: checking for _FILE_OFFSET_BITS value needed for large files
configure:4656: icc -c -Wall -g -O2 -fdebug-prefix-map=/dev/shm/builddeps/libedit-dev/libbsd-dev/libbsd-dev=. -fstack-protector-strong -Wformat -Werror=format-security -march=native -pipe -Wdate-time -D_FORTIFY_SOURCE=2 conftest.c >&5
configure:4656: $? = 0
configure:4688: result: no
configure:4803: checking build system type
configure:4817: result: x86_64-pc-linux-gnu
configure:4837: checking host system type
configure:4850: result: x86_64-pc-linux-gnu
configure:4891: checking how to print strings
configure:4918: result: printf
configure:4939: checking for a sed that does not truncate output
configure:5003: result: /bin/sed
configure:5021: checking for fgrep
configure:5083: result: /bin/grep -F
configure:5118: checking for ld used by icc
configure:5185: result: xild
configure:5192: checking if the linker (xild) is GNU ld
configure:5207: result: yes
configure:5219: checking for BSD- or MS-compatible name lister (nm)
configure:5273: result: /usr/bin/nm -B
configure:5403: checking the name lister (/usr/bin/nm -B) interface
configure:5410: icc -c -Wall -g -O2 -fdebug-prefix-map=/dev/shm/builddeps/libedit-dev/libbsd-dev/libbsd-dev=. -fstack-protector-strong -Wformat -Werror=format-security -march=native -pipe -Wdate-time -D_FORTIFY_SOURCE=2 conftest.c >&5
configure:5413: /usr/bin/nm -B "conftest.o"
configure:5416: output
                 U __must_be_linked_with_icc_or_xild
0000000000000000 D some_variable
configure:5423: result: BSD nm
configure:5426: checking whether ln -s works
configure:5430: result: yes
configure:5438: checking the maximum length of command line arguments
configure:5569: result: 1572864
configure:5617: checking how to convert x86_64-pc-linux-gnu file names to x86_64-pc-linux-gnu format
configure:5657: result: func_convert_file_noop
configure:5664: checking how to convert x86_64-pc-linux-gnu file names to toolchain format
configure:5684: result: func_convert_file_noop
configure:5691: checking for xild option to reload object files
configure:5698: result: -r
configure:5772: checking for objdump
configure:5788: found /usr/bin/objdump
configure:5799: result: objdump
configure:5831: checking how to recognize dependent libraries
configure:6031: result: pass_all
configure:6116: checking for dlltool
configure:6146: result: no
configure:6176: checking how to associate runtime and link libraries
configure:6203: result: printf %s\n
configure:6327: checking for archiver @FILE support
configure:6344: icc -c -Wall -g -O2 -fdebug-prefix-map=/dev/shm/builddeps/libedit-dev/libbsd-dev/libbsd-dev=. -fstack-protector-strong -Wformat -Werror=format-security -march=native -pipe -Wdate-time -D_FORTIFY_SOURCE=2 conftest.c >&5
configure:6344: $? = 0
configure:6347: xiar cru libconftest.a @conftest.lst >&5
xiar: executing 'ar'
ar: `u' modifier ignored since `D' is the default (see `U')
configure:6350: $? = 0
configure:6355: xiar cru libconftest.a @conftest.lst >&5
xiar: executing 'ar'
ar: `u' modifier ignored since `D' is the default (see `U')
ar: conftest.o: No such file or directory
configure:6358: $? = 1
configure:6370: result: @
configure:6428: checking for strip
configure:6444: found /usr/bin/strip
configure:6455: result: strip
configure:6527: checking for ranlib
configure:6543: found /usr/bin/ranlib
configure:6554: result: ranlib
configure:6656: checking command to parse /usr/bin/nm -B output from icc object
configure:6809: icc -c -Wall -g -O2 -fdebug-prefix-map=/dev/shm/builddeps/libedit-dev/libbsd-dev/libbsd-dev=. -fstack-protector-strong -Wformat -Werror=format-security -march=native -pipe -Wdate-time -D_FORTIFY_SOURCE=2 conftest.c >&5
configure:6812: $? = 0
configure:6816: /usr/bin/nm -B conftest.o \| sed -n -e 's/^.*[ ]\([ABCDGIRSTW][ABCDGIRSTW]*\)[ ][ ]*\([_A-Za-z][_A-Za-z0-9]*\)$/\1 \2 \2/p' | sed '/ __gnu_lto/d' \> conftest.nm
configure:6819: $? = 0
configure:6885: icc -o conftest -Wall -g -O2 -fdebug-prefix-map=/dev/shm/builddeps/libedit-dev/libbsd-dev/libbsd-dev=. -fstack-protector-strong -Wformat -Werror=format-security -march=native -pipe -Wdate-time -D_FORTIFY_SOURCE=2 -Wl,-z,relro -Wl,-z,now -Wl,--as-needed,--gc-sections,--relax conftest.c conftstm.o >&5
configure:6888: $? = 0
configure:6926: result: ok
configure:6973: checking for sysroot
configure:7003: result: no
configure:7010: checking for a working dd
configure:7048: result: /bin/dd
configure:7052: checking how to truncate binary pipes
configure:7067: result: /bin/dd bs=4096 count=1
configure:7203: icc -c -Wall -g -O2 -fdebug-prefix-map=/dev/shm/builddeps/libedit-dev/libbsd-dev/libbsd-dev=. -fstack-protector-strong -Wformat -Werror=format-security -march=native -pipe -Wdate-time -D_FORTIFY_SOURCE=2 conftest.c >&5
configure:7206: $? = 0
configure:7396: checking for mt
configure:7412: found /bin/mt
configure:7423: result: mt
configure:7446: checking if mt is a manifest tool
configure:7452: mt '-?'
configure:7460: result: no
configure:8134: checking for dlfcn.h
configure:8134: icc -c -Wall -g -O2 -fdebug-prefix-map=/dev/shm/builddeps/libedit-dev/libbsd-dev/libbsd-dev=. -fstack-protector-strong -Wformat -Werror=format-security -march=native -pipe -Wdate-time -D_FORTIFY_SOURCE=2 conftest.c >&5
configure:8134: $? = 0
configure:8134: result: yes
configure:8390: checking for objdir
configure:8405: result: .libs
configure:8669: checking if icc supports -fno-rtti -fno-exceptions
configure:8687: icc -c -Wall -g -O2 -fdebug-prefix-map=/dev/shm/builddeps/libedit-dev/libbsd-dev/libbsd-dev=. -fstack-protector-strong -Wformat -Werror=format-security -march=native -pipe -Wdate-time -D_FORTIFY_SOURCE=2 -fno-rtti -fno-exceptions conftest.c >&5
configure:8691: $? = 0
configure:8704: result: yes
configure:9062: checking for icc option to produce PIC
configure:9069: result: -fPIC -DPIC
configure:9077: checking if icc PIC flag -fPIC -DPIC works
configure:9095: icc -c -Wall -g -O2 -fdebug-prefix-map=/dev/shm/builddeps/libedit-dev/libbsd-dev/libbsd-dev=. -fstack-protector-strong -Wformat -Werror=format-security -march=native -pipe -Wdate-time -D_FORTIFY_SOURCE=2 -fPIC -DPIC -DPIC conftest.c >&5
configure:9099: $? = 0
configure:9112: result: yes
configure:9141: checking if icc static flag -static works
configure:9169: result: no
configure:9184: checking if icc supports -c -o file.o
configure:9205: icc -c -Wall -g -O2 -fdebug-prefix-map=/dev/shm/builddeps/libedit-dev/libbsd-dev/libbsd-dev=. -fstack-protector-strong -Wformat -Werror=format-security -march=native -pipe -Wdate-time -D_FORTIFY_SOURCE=2 -o out/conftest2.o conftest.c >&5
configure:9209: $? = 0
configure:9231: result: yes
configure:9239: checking if icc supports -c -o file.o
configure:9286: result: yes
configure:9319: checking whether the icc linker (xild -m elf_x86_64) supports shared libraries
configure:10582: result: yes
configure:10619: checking whether -lc should be explicitly linked in
configure:10627: icc -c -Wall -g -O2 -fdebug-prefix-map=/dev/shm/builddeps/libedit-dev/libbsd-dev/libbsd-dev=. -fstack-protector-strong -Wformat -Werror=format-security -march=native -pipe -Wdate-time -D_FORTIFY_SOURCE=2 conftest.c >&5
configure:10630: $? = 0
configure:10645: icc -shared  -fPIC -DPIC conftest.o  -v -Wl,-soname -Wl,conftest -o conftest 2\>\&1 \| /bin/grep  -lc  \>/dev/null 2\>\&1
configure:10648: $? = 0
configure:10662: result: no
configure:10822: checking dynamic linker characteristics
configure:11403: icc -o conftest -Wall -g -O2 -fdebug-prefix-map=/dev/shm/builddeps/libedit-dev/libbsd-dev/libbsd-dev=. -fstack-protector-strong -Wformat -Werror=format-security -march=native -pipe -Wdate-time -D_FORTIFY_SOURCE=2 -Wl,-z,relro -Wl,-z,now -Wl,--as-needed,--gc-sections,--relax -Wl,-rpath -Wl,/foo conftest.c  >&5
configure:11403: $? = 0
configure:11652: result: GNU/Linux ld.so
configure:11774: checking how to hardcode library paths into programs
configure:11799: result: immediate
configure:12347: checking whether stripping libraries is possible
configure:12352: result: yes
configure:12387: checking if libtool supports shared libraries
configure:12389: result: yes
configure:12392: checking whether to build shared libraries
configure:12417: result: yes
configure:12420: checking whether to build static libraries
configure:12424: result: yes
configure:12511: checking for gcc
configure:12538: result: icc
configure:12767: checking for C compiler version
configure:12776: icc --version >&5
icc (ICC) 19.0.1.144 20181018
Copyright (C) 1985-2018 Intel Corporation.  All rights reserved.

configure:12787: $? = 0
configure:12776: icc -v >&5
icc version 19.0.1.144 (gcc version 8.2.0 compatibility)
icc: warning #10013: no objects specified for multi-file optimization
x86_64-linux-gnu-ld    /usr/lib/gcc/x86_64-linux-gnu/8/../../../x86_64-linux-gnu/Scrt1.o /usr/lib/gcc/x86_64-linux-gnu/8/../../../x86_64-linux-gnu/crti.o --eh-frame-hdr --build-id -dynamic-linker /lib64/ld-linux-x86-64.so.2 -m elf_x86_64 -o a.out -L/opt/intel/tbb/lib/intel64/gcc4.7 -L/opt/intel/compilers_and_libraries_2019.1.144/linux/compiler/lib/intel64_lin -L/usr/lib/gcc/x86_64-linux-gnu/8/ -L/usr/lib/gcc/x86_64-linux-gnu/8/../../../x86_64-linux-gnu/ -L/usr/lib/gcc/x86_64-linux-gnu/8/../../../../lib/ -L/lib/x86_64-linux-gnu/ -L/lib/../lib64 -L/lib/../lib/ -L/usr/lib/x86_64-linux-gnu/ -L/usr/lib/../lib/ -L/opt/intel/tbb/lib/intel64/gcc4.7/ -L/usr/lib/gcc/x86_64-linux-gnu/8/../../../ -L/lib64 -L/lib/ -L/usr/lib --as-needed --gc-sections --relax -Bdynamic -Bstatic -limf -lsvml -lirng -lmatmul -Bdynamic -lm -Bstatic -lipgo -ldecimal -Bdynamic -liomp5 --as-needed -lcilkrts -lstdc++ --no-as-needed -Bstatic -lirc -Bdynamic -lpthread -Bstatic -lsvml -Bdynamic -lc -Bstatic -lirc_s -Bdynamic -ldl -lc /usr/lib/gcc/x86_64-linux-gnu/8/../../../x86_64-linux-gnu/crtn.o
x86_64-linux-gnu-ld: /usr/lib/gcc/x86_64-linux-gnu/8/../../../x86_64-linux-gnu/Scrt1.o: in function `_start':
(.text+0x20): undefined reference to `main'
configure:12787: $? = 1
configure:12776: icc -V >&5
GNU ld (GNU Binutils for Debian) 2.31.1
Intel(R) C Intel(R) 64 Compiler for applications running on Intel(R) 64, Version 19.0.1.144 Build 20181018
Copyright (C) 1985-2018 Intel Corporation.  All rights reserved.

icc: warning #10013: no objects specified for multi-file optimization
x86_64-linux-gnu-ld: /usr/lib/gcc/x86_64-linux-gnu/8/../../../x86_64-linux-gnu/Scrt1.o: in function `_start':
(.text+0x20): undefined reference to `main'
configure:12787: $? = 1
configure:12776: icc -qversion >&5
icc: warning #10013: no objects specified for multi-file optimization
x86_64-linux-gnu-ld: /usr/lib/gcc/x86_64-linux-gnu/8/../../../x86_64-linux-gnu/Scrt1.o: in function `_start':
(.text+0x20): undefined reference to `main'
configure:12787: $? = 1
configure:12791: checking whether we are using the GNU C compiler
configure:12819: result: yes
configure:12828: checking whether icc accepts -g
configure:12889: result: yes
configure:12906: checking for icc option to accept ISO C89
configure:12982: result: none needed
configure:13007: checking whether icc understands -c and -o together
configure:13044: result: yes
configure:13063: checking dependency style of icc
configure:13174: result: gcc3
configure:13190: checking whether ln -s works
configure:13194: result: yes
configure:13208: checking for unif01_CreateExternGenBits in -ltestu01
configure:13233: icc -o conftest -Wall -g -O2 -fdebug-prefix-map=/dev/shm/builddeps/libedit-dev/libbsd-dev/libbsd-dev=. -fstack-protector-strong -Wformat -Werror=format-security -march=native -pipe -Wdate-time -D_FORTIFY_SOURCE=2 -Wl,-z,relro -Wl,-z,now -Wl,--as-needed,--gc-sections,--relax conftest.c -ltestu01   >&5
x86_64-linux-gnu-ld: cannot find -ltestu01
configure:13233: $? = 1
configure: failed program was:
| /* confdefs.h */
| #define PACKAGE_NAME "libbsd"
| #define PACKAGE_TARNAME "libbsd"
| #define PACKAGE_VERSION "0.9.1"
| #define PACKAGE_STRING "libbsd 0.9.1"
| #define PACKAGE_BUGREPORT "libbsd@lists.freedesktop.org"
| #define PACKAGE_URL ""
| #define PACKAGE "libbsd"
| #define VERSION "0.9.1"
| #define STDC_HEADERS 1
| #define HAVE_SYS_TYPES_H 1
| #define HAVE_SYS_STAT_H 1
| #define HAVE_STDLIB_H 1
| #define HAVE_STRING_H 1
| #define HAVE_MEMORY_H 1
| #define HAVE_STRINGS_H 1
| #define HAVE_INTTYPES_H 1
| #define HAVE_STDINT_H 1
| #define HAVE_UNISTD_H 1
| #define __EXTENSIONS__ 1
| #define _ALL_SOURCE 1
| #define _GNU_SOURCE 1
| #define _POSIX_PTHREAD_SEMANTICS 1
| #define _TANDEM_SOURCE 1
| #define HAVE_DLFCN_H 1
| #define LT_OBJDIR ".libs/"
| /* end confdefs.h.  */
| 
| /* Override any GCC internal prototype to avoid an error.
|    Use char because int might match the return type of a GCC
|    builtin and then its argument prototype would still apply.  */
| #ifdef __cplusplus
| extern "C"
| #endif
| char unif01_CreateExternGenBits ();
| int
| main ()
| {
| return unif01_CreateExternGenBits ();
|   ;
|   return 0;
| }
configure:13242: result: no
configure:13263: checking for library containing clock_gettime
configure:13294: icc -o conftest -Wall -g -O2 -fdebug-prefix-map=/dev/shm/builddeps/libedit-dev/libbsd-dev/libbsd-dev=. -fstack-protector-strong -Wformat -Werror=format-security -march=native -pipe -Wdate-time -D_FORTIFY_SOURCE=2 -Wl,-z,relro -Wl,-z,now -Wl,--as-needed,--gc-sections,--relax conftest.c  >&5
configure:13294: $? = 0
configure:13311: result: none required
configure:13337: checking sys/ndir.h usability
configure:13337: icc -c -Wall -g -O2 -fdebug-prefix-map=/dev/shm/builddeps/libedit-dev/libbsd-dev/libbsd-dev=. -fstack-protector-strong -Wformat -Werror=format-security -march=native -pipe -Wdate-time -D_FORTIFY_SOURCE=2 conftest.c >&5
conftest.c(61): catastrophic error: cannot open source file "sys/ndir.h"
  #include <sys/ndir.h>
                       ^

compilation aborted for conftest.c (code 4)
configure:13337: $? = 4
configure: failed program was:
| /* confdefs.h */
| #define PACKAGE_NAME "libbsd"
| #define PACKAGE_TARNAME "libbsd"
| #define PACKAGE_VERSION "0.9.1"
| #define PACKAGE_STRING "libbsd 0.9.1"
| #define PACKAGE_BUGREPORT "libbsd@lists.freedesktop.org"
| #define PACKAGE_URL ""
| #define PACKAGE "libbsd"
| #define VERSION "0.9.1"
| #define STDC_HEADERS 1
| #define HAVE_SYS_TYPES_H 1
| #define HAVE_SYS_STAT_H 1
| #define HAVE_STDLIB_H 1
| #define HAVE_STRING_H 1
| #define HAVE_MEMORY_H 1
| #define HAVE_STRINGS_H 1
| #define HAVE_INTTYPES_H 1
| #define HAVE_STDINT_H 1
| #define HAVE_UNISTD_H 1
| #define __EXTENSIONS__ 1
| #define _ALL_SOURCE 1
| #define _GNU_SOURCE 1
| #define _POSIX_PTHREAD_SEMANTICS 1
| #define _TANDEM_SOURCE 1
| #define HAVE_DLFCN_H 1
| #define LT_OBJDIR ".libs/"
| /* end confdefs.h.  */
| #include <stdio.h>
| #ifdef HAVE_SYS_TYPES_H
| # include <sys/types.h>
| #endif
| #ifdef HAVE_SYS_STAT_H
| # include <sys/stat.h>
| #endif
| #ifdef STDC_HEADERS
| # include <stdlib.h>
| # include <stddef.h>
| #else
| # ifdef HAVE_STDLIB_H
| #  include <stdlib.h>
| # endif
| #endif
| #ifdef HAVE_STRING_H
| # if !defined STDC_HEADERS && defined HAVE_MEMORY_H
| #  include <memory.h>
| # endif
| # include <string.h>
| #endif
| #ifdef HAVE_STRINGS_H
| # include <strings.h>
| #endif
| #ifdef HAVE_INTTYPES_H
| # include <inttypes.h>
| #endif
| #ifdef HAVE_STDINT_H
| # include <stdint.h>
| #endif
| #ifdef HAVE_UNISTD_H
| # include <unistd.h>
| #endif
| #include <sys/ndir.h>
configure:13337: result: no
configure:13337: checking sys/ndir.h presence
configure:13337: icc -E -Wdate-time -D_FORTIFY_SOURCE=2 conftest.c
conftest.c(28): error #2379: cannot open source file "sys/ndir.h"
  #include <sys/ndir.h>
                       ^

configure:13337: $? = 2
configure: failed program was:
| /* confdefs.h */
| #define PACKAGE_NAME "libbsd"
| #define PACKAGE_TARNAME "libbsd"
| #define PACKAGE_VERSION "0.9.1"
| #define PACKAGE_STRING "libbsd 0.9.1"
| #define PACKAGE_BUGREPORT "libbsd@lists.freedesktop.org"
| #define PACKAGE_URL ""
| #define PACKAGE "libbsd"
| #define VERSION "0.9.1"
| #define STDC_HEADERS 1
| #define HAVE_SYS_TYPES_H 1
| #define HAVE_SYS_STAT_H 1
| #define HAVE_STDLIB_H 1
| #define HAVE_STRING_H 1
| #define HAVE_MEMORY_H 1
| #define HAVE_STRINGS_H 1
| #define HAVE_INTTYPES_H 1
| #define HAVE_STDINT_H 1
| #define HAVE_UNISTD_H 1
| #define __EXTENSIONS__ 1
| #define _ALL_SOURCE 1
| #define _GNU_SOURCE 1
| #define _POSIX_PTHREAD_SEMANTICS 1
| #define _TANDEM_SOURCE 1
| #define HAVE_DLFCN_H 1
| #define LT_OBJDIR ".libs/"
| /* end confdefs.h.  */
| #include <sys/ndir.h>
configure:13337: result: no
configure:13337: checking for sys/ndir.h
configure:13337: result: no
configure:13337: checking sys/dir.h usability
configure:13337: icc -c -Wall -g -O2 -fdebug-prefix-map=/dev/shm/builddeps/libedit-dev/libbsd-dev/libbsd-dev=. -fstack-protector-strong -Wformat -Werror=format-security -march=native -pipe -Wdate-time -D_FORTIFY_SOURCE=2 conftest.c >&5
configure:13337: $? = 0
configure:13337: result: yes
configure:13337: checking sys/dir.h presence
configure:13337: icc -E -Wdate-time -D_FORTIFY_SOURCE=2 conftest.c
configure:13337: $? = 0
configure:13337: result: yes
configure:13337: checking for sys/dir.h
configure:13337: result: yes
configure:13337: checking ndir.h usability
configure:13337: icc -c -Wall -g -O2 -fdebug-prefix-map=/dev/shm/builddeps/libedit-dev/libbsd-dev/libbsd-dev=. -fstack-protector-strong -Wformat -Werror=format-security -march=native -pipe -Wdate-time -D_FORTIFY_SOURCE=2 conftest.c >&5
conftest.c(62): catastrophic error: cannot open source file "ndir.h"
  #include <ndir.h>
                   ^

compilation aborted for conftest.c (code 4)
configure:13337: $? = 4
configure: failed program was:
| /* confdefs.h */
| #define PACKAGE_NAME "libbsd"
| #define PACKAGE_TARNAME "libbsd"
| #define PACKAGE_VERSION "0.9.1"
| #define PACKAGE_STRING "libbsd 0.9.1"
| #define PACKAGE_BUGREPORT "libbsd@lists.freedesktop.org"
| #define PACKAGE_URL ""
| #define PACKAGE "libbsd"
| #define VERSION "0.9.1"
| #define STDC_HEADERS 1
| #define HAVE_SYS_TYPES_H 1
| #define HAVE_SYS_STAT_H 1
| #define HAVE_STDLIB_H 1
| #define HAVE_STRING_H 1
| #define HAVE_MEMORY_H 1
| #define HAVE_STRINGS_H 1
| #define HAVE_INTTYPES_H 1
| #define HAVE_STDINT_H 1
| #define HAVE_UNISTD_H 1
| #define __EXTENSIONS__ 1
| #define _ALL_SOURCE 1
| #define _GNU_SOURCE 1
| #define _POSIX_PTHREAD_SEMANTICS 1
| #define _TANDEM_SOURCE 1
| #define HAVE_DLFCN_H 1
| #define LT_OBJDIR ".libs/"
| #define HAVE_SYS_DIR_H 1
| /* end confdefs.h.  */
| #include <stdio.h>
| #ifdef HAVE_SYS_TYPES_H
| # include <sys/types.h>
| #endif
| #ifdef HAVE_SYS_STAT_H
| # include <sys/stat.h>
| #endif
| #ifdef STDC_HEADERS
| # include <stdlib.h>
| # include <stddef.h>
| #else
| # ifdef HAVE_STDLIB_H
| #  include <stdlib.h>
| # endif
| #endif
| #ifdef HAVE_STRING_H
| # if !defined STDC_HEADERS && defined HAVE_MEMORY_H
| #  include <memory.h>
| # endif
| # include <string.h>
| #endif
| #ifdef HAVE_STRINGS_H
| # include <strings.h>
| #endif
| #ifdef HAVE_INTTYPES_H
| # include <inttypes.h>
| #endif
| #ifdef HAVE_STDINT_H
| # include <stdint.h>
| #endif
| #ifdef HAVE_UNISTD_H
| # include <unistd.h>
| #endif
| #include <ndir.h>
configure:13337: result: no
configure:13337: checking ndir.h presence
configure:13337: icc -E -Wdate-time -D_FORTIFY_SOURCE=2 conftest.c
conftest.c(29): error #2379: cannot open source file "ndir.h"
  #include <ndir.h>
                   ^

configure:13337: $? = 2
configure: failed program was:
| /* confdefs.h */
| #define PACKAGE_NAME "libbsd"
| #define PACKAGE_TARNAME "libbsd"
| #define PACKAGE_VERSION "0.9.1"
| #define PACKAGE_STRING "libbsd 0.9.1"
| #define PACKAGE_BUGREPORT "libbsd@lists.freedesktop.org"
| #define PACKAGE_URL ""
| #define PACKAGE "libbsd"
| #define VERSION "0.9.1"
| #define STDC_HEADERS 1
| #define HAVE_SYS_TYPES_H 1
| #define HAVE_SYS_STAT_H 1
| #define HAVE_STDLIB_H 1
| #define HAVE_STRING_H 1
| #define HAVE_MEMORY_H 1
| #define HAVE_STRINGS_H 1
| #define HAVE_INTTYPES_H 1
| #define HAVE_STDINT_H 1
| #define HAVE_UNISTD_H 1
| #define __EXTENSIONS__ 1
| #define _ALL_SOURCE 1
| #define _GNU_SOURCE 1
| #define _POSIX_PTHREAD_SEMANTICS 1
| #define _TANDEM_SOURCE 1
| #define HAVE_DLFCN_H 1
| #define LT_OBJDIR ".libs/"
| #define HAVE_SYS_DIR_H 1
| /* end confdefs.h.  */
| #include <ndir.h>
configure:13337: result: no
configure:13337: checking for ndir.h
configure:13337: result: no
configure:13337: checking dirent.h usability
configure:13337: icc -c -Wall -g -O2 -fdebug-prefix-map=/dev/shm/builddeps/libedit-dev/libbsd-dev/libbsd-dev=. -fstack-protector-strong -Wformat -Werror=format-security -march=native -pipe -Wdate-time -D_FORTIFY_SOURCE=2 conftest.c >&5
configure:13337: $? = 0
configure:13337: result: yes
configure:13337: checking dirent.h presence
configure:13337: icc -E -Wdate-time -D_FORTIFY_SOURCE=2 conftest.c
configure:13337: $? = 0
configure:13337: result: yes
configure:13337: checking for dirent.h
configure:13337: result: yes
configure:13349: checking for inline
configure:13365: icc -c -Wall -g -O2 -fdebug-prefix-map=/dev/shm/builddeps/libedit-dev/libbsd-dev/libbsd-dev=. -fstack-protector-strong -Wformat -Werror=format-security -march=native -pipe -Wdate-time -D_FORTIFY_SOURCE=2 conftest.c >&5
configure:13365: $? = 0
configure:13373: result: inline
configure:13392: checking for typeof syntax and keyword spelling
configure:13423: icc -c -Wall -g -O2 -fdebug-prefix-map=/dev/shm/builddeps/libedit-dev/libbsd-dev/libbsd-dev=. -fstack-protector-strong -Wformat -Werror=format-security -march=native -pipe -Wdate-time -D_FORTIFY_SOURCE=2 conftest.c >&5
configure:13423: $? = 0
configure:13430: result: typeof
configure:13445: checking for int64_t
configure:13445: icc -c -Wall -g -O2 -fdebug-prefix-map=/dev/shm/builddeps/libedit-dev/libbsd-dev/libbsd-dev=. -fstack-protector-strong -Wformat -Werror=format-security -march=native -pipe -Wdate-time -D_FORTIFY_SOURCE=2 conftest.c >&5
configure:13445: $? = 0
configure:13445: icc -c -Wall -g -O2 -fdebug-prefix-map=/dev/shm/builddeps/libedit-dev/libbsd-dev/libbsd-dev=. -fstack-protector-strong -Wformat -Werror=format-security -march=native -pipe -Wdate-time -D_FORTIFY_SOURCE=2 conftest.c >&5
conftest.c(69): warning #61: integer operation result is out of range
  		 < (int64_t) (((((int64_t) 1 << N) << N) - 1) * 2 + 2))];
  		                                                  ^

conftest.c(68): error: the size of an array must be greater than zero
  static int test_array [1 - 2 * !((int64_t) (((((int64_t) 1 << N) << N) - 1) * 2 + 1)
                         ^

compilation aborted for conftest.c (code 2)
configure:13445: $? = 2
configure: failed program was:
| /* confdefs.h */
| #define PACKAGE_NAME "libbsd"
| #define PACKAGE_TARNAME "libbsd"
| #define PACKAGE_VERSION "0.9.1"
| #define PACKAGE_STRING "libbsd 0.9.1"
| #define PACKAGE_BUGREPORT "libbsd@lists.freedesktop.org"
| #define PACKAGE_URL ""
| #define PACKAGE "libbsd"
| #define VERSION "0.9.1"
| #define STDC_HEADERS 1
| #define HAVE_SYS_TYPES_H 1
| #define HAVE_SYS_STAT_H 1
| #define HAVE_STDLIB_H 1
| #define HAVE_STRING_H 1
| #define HAVE_MEMORY_H 1
| #define HAVE_STRINGS_H 1
| #define HAVE_INTTYPES_H 1
| #define HAVE_STDINT_H 1
| #define HAVE_UNISTD_H 1
| #define __EXTENSIONS__ 1
| #define _ALL_SOURCE 1
| #define _GNU_SOURCE 1
| #define _POSIX_PTHREAD_SEMANTICS 1
| #define _TANDEM_SOURCE 1
| #define HAVE_DLFCN_H 1
| #define LT_OBJDIR ".libs/"
| #define HAVE_SYS_DIR_H 1
| #define HAVE_DIRENT_H 1
| #define HAVE_TYPEOF 1
| /* end confdefs.h.  */
| #include <stdio.h>
| #ifdef HAVE_SYS_TYPES_H
| # include <sys/types.h>
| #endif
| #ifdef HAVE_SYS_STAT_H
| # include <sys/stat.h>
| #endif
| #ifdef STDC_HEADERS
| # include <stdlib.h>
| # include <stddef.h>
| #else
| # ifdef HAVE_STDLIB_H
| #  include <stdlib.h>
| # endif
| #endif
| #ifdef HAVE_STRING_H
| # if !defined STDC_HEADERS && defined HAVE_MEMORY_H
| #  include <memory.h>
| # endif
| # include <string.h>
| #endif
| #ifdef HAVE_STRINGS_H
| # include <strings.h>
| #endif
| #ifdef HAVE_INTTYPES_H
| # include <inttypes.h>
| #endif
| #ifdef HAVE_STDINT_H
| # include <stdint.h>
| #endif
| #ifdef HAVE_UNISTD_H
| # include <unistd.h>
| #endif
| 	        enum { N = 64 / 2 - 1 };
| int
| main ()
| {
| static int test_array [1 - 2 * !((int64_t) (((((int64_t) 1 << N) << N) - 1) * 2 + 1)
| 		 < (int64_t) (((((int64_t) 1 << N) << N) - 1) * 2 + 2))];
| test_array [0] = 0;
| return test_array [0];
| 
|   ;
|   return 0;
| }
configure:13445: result: yes
configure:13456: checking for mode_t
configure:13456: icc -c -Wall -g -O2 -fdebug-prefix-map=/dev/shm/builddeps/libedit-dev/libbsd-dev/libbsd-dev=. -fstack-protector-strong -Wformat -Werror=format-security -march=native -pipe -Wdate-time -D_FORTIFY_SOURCE=2 conftest.c >&5
configure:13456: $? = 0
configure:13456: icc -c -Wall -g -O2 -fdebug-prefix-map=/dev/shm/builddeps/libedit-dev/libbsd-dev/libbsd-dev=. -fstack-protector-strong -Wformat -Werror=format-security -march=native -pipe -Wdate-time -D_FORTIFY_SOURCE=2 conftest.c >&5
conftest.c(67): error: expected an expression
  if (sizeof ((mode_t)))
                      ^

compilation aborted for conftest.c (code 2)
configure:13456: $? = 2
configure: failed program was:
| /* confdefs.h */
| #define PACKAGE_NAME "libbsd"
| #define PACKAGE_TARNAME "libbsd"
| #define PACKAGE_VERSION "0.9.1"
| #define PACKAGE_STRING "libbsd 0.9.1"
| #define PACKAGE_BUGREPORT "libbsd@lists.freedesktop.org"
| #define PACKAGE_URL ""
| #define PACKAGE "libbsd"
| #define VERSION "0.9.1"
| #define STDC_HEADERS 1
| #define HAVE_SYS_TYPES_H 1
| #define HAVE_SYS_STAT_H 1
| #define HAVE_STDLIB_H 1
| #define HAVE_STRING_H 1
| #define HAVE_MEMORY_H 1
| #define HAVE_STRINGS_H 1
| #define HAVE_INTTYPES_H 1
| #define HAVE_STDINT_H 1
| #define HAVE_UNISTD_H 1
| #define __EXTENSIONS__ 1
| #define _ALL_SOURCE 1
| #define _GNU_SOURCE 1
| #define _POSIX_PTHREAD_SEMANTICS 1
| #define _TANDEM_SOURCE 1
| #define HAVE_DLFCN_H 1
| #define LT_OBJDIR ".libs/"
| #define HAVE_SYS_DIR_H 1
| #define HAVE_DIRENT_H 1
| #define HAVE_TYPEOF 1
| /* end confdefs.h.  */
| #include <stdio.h>
| #ifdef HAVE_SYS_TYPES_H
| # include <sys/types.h>
| #endif
| #ifdef HAVE_SYS_STAT_H
| # include <sys/stat.h>
| #endif
| #ifdef STDC_HEADERS
| # include <stdlib.h>
| # include <stddef.h>
| #else
| # ifdef HAVE_STDLIB_H
| #  include <stdlib.h>
| # endif
| #endif
| #ifdef HAVE_STRING_H
| # if !defined STDC_HEADERS && defined HAVE_MEMORY_H
| #  include <memory.h>
| # endif
| # include <string.h>
| #endif
| #ifdef HAVE_STRINGS_H
| # include <strings.h>
| #endif
| #ifdef HAVE_INTTYPES_H
| # include <inttypes.h>
| #endif
| #ifdef HAVE_STDINT_H
| # include <stdint.h>
| #endif
| #ifdef HAVE_UNISTD_H
| # include <unistd.h>
| #endif
| int
| main ()
| {
| if (sizeof ((mode_t)))
| 	    return 0;
|   ;
|   return 0;
| }
configure:13456: result: yes
configure:13467: checking for off_t
configure:13467: icc -c -Wall -g -O2 -fdebug-prefix-map=/dev/shm/builddeps/libedit-dev/libbsd-dev/libbsd-dev=. -fstack-protector-strong -Wformat -Werror=format-security -march=native -pipe -Wdate-time -D_FORTIFY_SOURCE=2 conftest.c >&5
configure:13467: $? = 0
configure:13467: icc -c -Wall -g -O2 -fdebug-prefix-map=/dev/shm/builddeps/libedit-dev/libbsd-dev/libbsd-dev=. -fstack-protector-strong -Wformat -Werror=format-security -march=native -pipe -Wdate-time -D_FORTIFY_SOURCE=2 conftest.c >&5
conftest.c(67): error: expected an expression
  if (sizeof ((off_t)))
                     ^

compilation aborted for conftest.c (code 2)
configure:13467: $? = 2
configure: failed program was:
| /* confdefs.h */
| #define PACKAGE_NAME "libbsd"
| #define PACKAGE_TARNAME "libbsd"
| #define PACKAGE_VERSION "0.9.1"
| #define PACKAGE_STRING "libbsd 0.9.1"
| #define PACKAGE_BUGREPORT "libbsd@lists.freedesktop.org"
| #define PACKAGE_URL ""
| #define PACKAGE "libbsd"
| #define VERSION "0.9.1"
| #define STDC_HEADERS 1
| #define HAVE_SYS_TYPES_H 1
| #define HAVE_SYS_STAT_H 1
| #define HAVE_STDLIB_H 1
| #define HAVE_STRING_H 1
| #define HAVE_MEMORY_H 1
| #define HAVE_STRINGS_H 1
| #define HAVE_INTTYPES_H 1
| #define HAVE_STDINT_H 1
| #define HAVE_UNISTD_H 1
| #define __EXTENSIONS__ 1
| #define _ALL_SOURCE 1
| #define _GNU_SOURCE 1
| #define _POSIX_PTHREAD_SEMANTICS 1
| #define _TANDEM_SOURCE 1
| #define HAVE_DLFCN_H 1
| #define LT_OBJDIR ".libs/"
| #define HAVE_SYS_DIR_H 1
| #define HAVE_DIRENT_H 1
| #define HAVE_TYPEOF 1
| /* end confdefs.h.  */
| #include <stdio.h>
| #ifdef HAVE_SYS_TYPES_H
| # include <sys/types.h>
| #endif
| #ifdef HAVE_SYS_STAT_H
| # include <sys/stat.h>
| #endif
| #ifdef STDC_HEADERS
| # include <stdlib.h>
| # include <stddef.h>
| #else
| # ifdef HAVE_STDLIB_H
| #  include <stdlib.h>
| # endif
| #endif
| #ifdef HAVE_STRING_H
| # if !defined STDC_HEADERS && defined HAVE_MEMORY_H
| #  include <memory.h>
| # endif
| # include <string.h>
| #endif
| #ifdef HAVE_STRINGS_H
| # include <strings.h>
| #endif
| #ifdef HAVE_INTTYPES_H
| # include <inttypes.h>
| #endif
| #ifdef HAVE_STDINT_H
| # include <stdint.h>
| #endif
| #ifdef HAVE_UNISTD_H
| # include <unistd.h>
| #endif
| int
| main ()
| {
| if (sizeof ((off_t)))
| 	    return 0;
|   ;
|   return 0;
| }
configure:13467: result: yes
configure:13478: checking for pid_t
configure:13478: icc -c -Wall -g -O2 -fdebug-prefix-map=/dev/shm/builddeps/libedit-dev/libbsd-dev/libbsd-dev=. -fstack-protector-strong -Wformat -Werror=format-security -march=native -pipe -Wdate-time -D_FORTIFY_SOURCE=2 conftest.c >&5
configure:13478: $? = 0
configure:13478: icc -c -Wall -g -O2 -fdebug-prefix-map=/dev/shm/builddeps/libedit-dev/libbsd-dev/libbsd-dev=. -fstack-protector-strong -Wformat -Werror=format-security -march=native -pipe -Wdate-time -D_FORTIFY_SOURCE=2 conftest.c >&5
conftest.c(67): error: expected an expression
  if (sizeof ((pid_t)))
                     ^

compilation aborted for conftest.c (code 2)
configure:13478: $? = 2
configure: failed program was:
| /* confdefs.h */
| #define PACKAGE_NAME "libbsd"
| #define PACKAGE_TARNAME "libbsd"
| #define PACKAGE_VERSION "0.9.1"
| #define PACKAGE_STRING "libbsd 0.9.1"
| #define PACKAGE_BUGREPORT "libbsd@lists.freedesktop.org"
| #define PACKAGE_URL ""
| #define PACKAGE "libbsd"
| #define VERSION "0.9.1"
| #define STDC_HEADERS 1
| #define HAVE_SYS_TYPES_H 1
| #define HAVE_SYS_STAT_H 1
| #define HAVE_STDLIB_H 1
| #define HAVE_STRING_H 1
| #define HAVE_MEMORY_H 1
| #define HAVE_STRINGS_H 1
| #define HAVE_INTTYPES_H 1
| #define HAVE_STDINT_H 1
| #define HAVE_UNISTD_H 1
| #define __EXTENSIONS__ 1
| #define _ALL_SOURCE 1
| #define _GNU_SOURCE 1
| #define _POSIX_PTHREAD_SEMANTICS 1
| #define _TANDEM_SOURCE 1
| #define HAVE_DLFCN_H 1
| #define LT_OBJDIR ".libs/"
| #define HAVE_SYS_DIR_H 1
| #define HAVE_DIRENT_H 1
| #define HAVE_TYPEOF 1
| /* end confdefs.h.  */
| #include <stdio.h>
| #ifdef HAVE_SYS_TYPES_H
| # include <sys/types.h>
| #endif
| #ifdef HAVE_SYS_STAT_H
| # include <sys/stat.h>
| #endif
| #ifdef STDC_HEADERS
| # include <stdlib.h>
| # include <stddef.h>
| #else
| # ifdef HAVE_STDLIB_H
| #  include <stdlib.h>
| # endif
| #endif
| #ifdef HAVE_STRING_H
| # if !defined STDC_HEADERS && defined HAVE_MEMORY_H
| #  include <memory.h>
| # endif
| # include <string.h>
| #endif
| #ifdef HAVE_STRINGS_H
| # include <strings.h>
| #endif
| #ifdef HAVE_INTTYPES_H
| # include <inttypes.h>
| #endif
| #ifdef HAVE_STDINT_H
| # include <stdint.h>
| #endif
| #ifdef HAVE_UNISTD_H
| # include <unistd.h>
| #endif
| int
| main ()
| {
| if (sizeof ((pid_t)))
| 	    return 0;
|   ;
|   return 0;
| }
configure:13478: result: yes
configure:13489: checking for uid_t in sys/types.h
configure:13508: result: yes
configure:13519: checking for size_t
configure:13519: icc -c -Wall -g -O2 -fdebug-prefix-map=/dev/shm/builddeps/libedit-dev/libbsd-dev/libbsd-dev=. -fstack-protector-strong -Wformat -Werror=format-security -march=native -pipe -Wdate-time -D_FORTIFY_SOURCE=2 conftest.c >&5
configure:13519: $? = 0
configure:13519: icc -c -Wall -g -O2 -fdebug-prefix-map=/dev/shm/builddeps/libedit-dev/libbsd-dev/libbsd-dev=. -fstack-protector-strong -Wformat -Werror=format-security -march=native -pipe -Wdate-time -D_FORTIFY_SOURCE=2 conftest.c >&5
conftest.c(67): error: expected an expression
  if (sizeof ((size_t)))
                      ^

compilation aborted for conftest.c (code 2)
configure:13519: $? = 2
configure: failed program was:
| /* confdefs.h */
| #define PACKAGE_NAME "libbsd"
| #define PACKAGE_TARNAME "libbsd"
| #define PACKAGE_VERSION "0.9.1"
| #define PACKAGE_STRING "libbsd 0.9.1"
| #define PACKAGE_BUGREPORT "libbsd@lists.freedesktop.org"
| #define PACKAGE_URL ""
| #define PACKAGE "libbsd"
| #define VERSION "0.9.1"
| #define STDC_HEADERS 1
| #define HAVE_SYS_TYPES_H 1
| #define HAVE_SYS_STAT_H 1
| #define HAVE_STDLIB_H 1
| #define HAVE_STRING_H 1
| #define HAVE_MEMORY_H 1
| #define HAVE_STRINGS_H 1
| #define HAVE_INTTYPES_H 1
| #define HAVE_STDINT_H 1
| #define HAVE_UNISTD_H 1
| #define __EXTENSIONS__ 1
| #define _ALL_SOURCE 1
| #define _GNU_SOURCE 1
| #define _POSIX_PTHREAD_SEMANTICS 1
| #define _TANDEM_SOURCE 1
| #define HAVE_DLFCN_H 1
| #define LT_OBJDIR ".libs/"
| #define HAVE_SYS_DIR_H 1
| #define HAVE_DIRENT_H 1
| #define HAVE_TYPEOF 1
| /* end confdefs.h.  */
| #include <stdio.h>
| #ifdef HAVE_SYS_TYPES_H
| # include <sys/types.h>
| #endif
| #ifdef HAVE_SYS_STAT_H
| # include <sys/stat.h>
| #endif
| #ifdef STDC_HEADERS
| # include <stdlib.h>
| # include <stddef.h>
| #else
| # ifdef HAVE_STDLIB_H
| #  include <stdlib.h>
| # endif
| #endif
| #ifdef HAVE_STRING_H
| # if !defined STDC_HEADERS && defined HAVE_MEMORY_H
| #  include <memory.h>
| # endif
| # include <string.h>
| #endif
| #ifdef HAVE_STRINGS_H
| # include <strings.h>
| #endif
| #ifdef HAVE_INTTYPES_H
| # include <inttypes.h>
| #endif
| #ifdef HAVE_STDINT_H
| # include <stdint.h>
| #endif
| #ifdef HAVE_UNISTD_H
| # include <unistd.h>
| #endif
| int
| main ()
| {
| if (sizeof ((size_t)))
| 	    return 0;
|   ;
|   return 0;
| }
configure:13519: result: yes
configure:13530: checking for ssize_t
configure:13530: icc -c -Wall -g -O2 -fdebug-prefix-map=/dev/shm/builddeps/libedit-dev/libbsd-dev/libbsd-dev=. -fstack-protector-strong -Wformat -Werror=format-security -march=native -pipe -Wdate-time -D_FORTIFY_SOURCE=2 conftest.c >&5
configure:13530: $? = 0
configure:13530: icc -c -Wall -g -O2 -fdebug-prefix-map=/dev/shm/builddeps/libedit-dev/libbsd-dev/libbsd-dev=. -fstack-protector-strong -Wformat -Werror=format-security -march=native -pipe -Wdate-time -D_FORTIFY_SOURCE=2 conftest.c >&5
conftest.c(67): error: expected an expression
  if (sizeof ((ssize_t)))
                       ^

compilation aborted for conftest.c (code 2)
configure:13530: $? = 2
configure: failed program was:
| /* confdefs.h */
| #define PACKAGE_NAME "libbsd"
| #define PACKAGE_TARNAME "libbsd"
| #define PACKAGE_VERSION "0.9.1"
| #define PACKAGE_STRING "libbsd 0.9.1"
| #define PACKAGE_BUGREPORT "libbsd@lists.freedesktop.org"
| #define PACKAGE_URL ""
| #define PACKAGE "libbsd"
| #define VERSION "0.9.1"
| #define STDC_HEADERS 1
| #define HAVE_SYS_TYPES_H 1
| #define HAVE_SYS_STAT_H 1
| #define HAVE_STDLIB_H 1
| #define HAVE_STRING_H 1
| #define HAVE_MEMORY_H 1
| #define HAVE_STRINGS_H 1
| #define HAVE_INTTYPES_H 1
| #define HAVE_STDINT_H 1
| #define HAVE_UNISTD_H 1
| #define __EXTENSIONS__ 1
| #define _ALL_SOURCE 1
| #define _GNU_SOURCE 1
| #define _POSIX_PTHREAD_SEMANTICS 1
| #define _TANDEM_SOURCE 1
| #define HAVE_DLFCN_H 1
| #define LT_OBJDIR ".libs/"
| #define HAVE_SYS_DIR_H 1
| #define HAVE_DIRENT_H 1
| #define HAVE_TYPEOF 1
| /* end confdefs.h.  */
| #include <stdio.h>
| #ifdef HAVE_SYS_TYPES_H
| # include <sys/types.h>
| #endif
| #ifdef HAVE_SYS_STAT_H
| # include <sys/stat.h>
| #endif
| #ifdef STDC_HEADERS
| # include <stdlib.h>
| # include <stddef.h>
| #else
| # ifdef HAVE_STDLIB_H
| #  include <stdlib.h>
| # endif
| #endif
| #ifdef HAVE_STRING_H
| # if !defined STDC_HEADERS && defined HAVE_MEMORY_H
| #  include <memory.h>
| # endif
| # include <string.h>
| #endif
| #ifdef HAVE_STRINGS_H
| # include <strings.h>
| #endif
| #ifdef HAVE_INTTYPES_H
| # include <inttypes.h>
| #endif
| #ifdef HAVE_STDINT_H
| # include <stdint.h>
| #endif
| #ifdef HAVE_UNISTD_H
| # include <unistd.h>
| #endif
| int
| main ()
| {
| if (sizeof ((ssize_t)))
| 	    return 0;
|   ;
|   return 0;
| }
configure:13530: result: yes
configure:13542: checking whether F_CLOSEM is declared
configure:13542: icc -c -Wall -g -O2 -fdebug-prefix-map=/dev/shm/builddeps/libedit-dev/libbsd-dev/libbsd-dev=. -fstack-protector-strong -Wformat -Werror=format-security -march=native -pipe -Wdate-time -D_FORTIFY_SOURCE=2 conftest.c >&5
conftest.c(41): error: identifier "F_CLOSEM" is undefined
    (void) F_CLOSEM;
           ^

compilation aborted for conftest.c (code 2)
configure:13542: $? = 2
configure: failed program was:
| /* confdefs.h */
| #define PACKAGE_NAME "libbsd"
| #define PACKAGE_TARNAME "libbsd"
| #define PACKAGE_VERSION "0.9.1"
| #define PACKAGE_STRING "libbsd 0.9.1"
| #define PACKAGE_BUGREPORT "libbsd@lists.freedesktop.org"
| #define PACKAGE_URL ""
| #define PACKAGE "libbsd"
| #define VERSION "0.9.1"
| #define STDC_HEADERS 1
| #define HAVE_SYS_TYPES_H 1
| #define HAVE_SYS_STAT_H 1
| #define HAVE_STDLIB_H 1
| #define HAVE_STRING_H 1
| #define HAVE_MEMORY_H 1
| #define HAVE_STRINGS_H 1
| #define HAVE_INTTYPES_H 1
| #define HAVE_STDINT_H 1
| #define HAVE_UNISTD_H 1
| #define __EXTENSIONS__ 1
| #define _ALL_SOURCE 1
| #define _GNU_SOURCE 1
| #define _POSIX_PTHREAD_SEMANTICS 1
| #define _TANDEM_SOURCE 1
| #define HAVE_DLFCN_H 1
| #define LT_OBJDIR ".libs/"
| #define HAVE_SYS_DIR_H 1
| #define HAVE_DIRENT_H 1
| #define HAVE_TYPEOF 1
| /* end confdefs.h.  */
| #include <limits.h>
|                #include <fcntl.h>
| 
| int
| main ()
| {
| #ifndef F_CLOSEM
| #ifdef __cplusplus
|   (void) F_CLOSEM;
| #else
|   (void) F_CLOSEM;
| #endif
| #endif
| 
|   ;
|   return 0;
| }
configure:13542: result: no
configure:13552: checking for GNU .init_array section support
configure:13600: icc -o conftest -Wall -g -O2 -fdebug-prefix-map=/dev/shm/builddeps/libedit-dev/libbsd-dev/libbsd-dev=. -fstack-protector-strong -Wformat -Werror=format-security -march=native -pipe -Wdate-time -D_FORTIFY_SOURCE=2 -Wl,-z,relro -Wl,-z,now -Wl,--as-needed,--gc-sections,--relax conftest.c  >&5
configure:13600: $? = 0
configure:13600: ./conftest
./configure: line 1723: 25679 Segmentation fault      ./conftest$ac_exeext
configure:13600: $? = 139
configure: program exited with status 139
configure: failed program was:
| /* confdefs.h */
| #define PACKAGE_NAME "libbsd"
| #define PACKAGE_TARNAME "libbsd"
| #define PACKAGE_VERSION "0.9.1"
| #define PACKAGE_STRING "libbsd 0.9.1"
| #define PACKAGE_BUGREPORT "libbsd@lists.freedesktop.org"
| #define PACKAGE_URL ""
| #define PACKAGE "libbsd"
| #define VERSION "0.9.1"
| #define STDC_HEADERS 1
| #define HAVE_SYS_TYPES_H 1
| #define HAVE_SYS_STAT_H 1
| #define HAVE_STDLIB_H 1
| #define HAVE_STRING_H 1
| #define HAVE_MEMORY_H 1
| #define HAVE_STRINGS_H 1
| #define HAVE_INTTYPES_H 1
| #define HAVE_STDINT_H 1
| #define HAVE_UNISTD_H 1
| #define __EXTENSIONS__ 1
| #define _ALL_SOURCE 1
| #define _GNU_SOURCE 1
| #define _POSIX_PTHREAD_SEMANTICS 1
| #define _TANDEM_SOURCE 1
| #define HAVE_DLFCN_H 1
| #define LT_OBJDIR ".libs/"
| #define HAVE_SYS_DIR_H 1
| #define HAVE_DIRENT_H 1
| #define HAVE_TYPEOF 1
| /* end confdefs.h.  */
| 
| static int rc = 1;
| static void init(int argc) { if (argc == 1) rc = 0; }
| void (*init_func)(int argc) __attribute__((section(".init_array"))) = init;
| int main() { return rc; }
| 
| 
configure:13611: result: no
configure:13623: checking for program_invocation_short_name
configure:13636: icc -o conftest -Wall -g -O2 -fdebug-prefix-map=/dev/shm/builddeps/libedit-dev/libbsd-dev/libbsd-dev=. -fstack-protector-strong -Wformat -Werror=format-security -march=native -pipe -Wdate-time -D_FORTIFY_SOURCE=2 -Wl,-z,relro -Wl,-z,now -Wl,--as-needed,--gc-sections,--relax conftest.c  >&5
configure:13636: $? = 0
configure:13640: result: yes
configure:13649: checking for __progname
configure:13662: icc -o conftest -Wall -g -O2 -fdebug-prefix-map=/dev/shm/builddeps/libedit-dev/libbsd-dev/libbsd-dev=. -fstack-protector-strong -Wformat -Werror=format-security -march=native -pipe -Wdate-time -D_FORTIFY_SOURCE=2 -Wl,-z,relro -Wl,-z,now -Wl,--as-needed,--gc-sections,--relax conftest.c  >&5
conftest.c(36): warning #266: function "printf" declared implicitly
  printf("%s", __progname);
  ^

configure:13662: $? = 0
configure:13666: result: yes
configure:13680: checking for clearenv
configure:13680: icc -o conftest -Wall -g -O2 -fdebug-prefix-map=/dev/shm/builddeps/libedit-dev/libbsd-dev/libbsd-dev=. -fstack-protector-strong -Wformat -Werror=format-security -march=native -pipe -Wdate-time -D_FORTIFY_SOURCE=2 -Wl,-z,relro -Wl,-z,now -Wl,--as-needed,--gc-sections,--relax conftest.c  >&5
configure:13680: $? = 0
configure:13680: result: yes
configure:13680: checking for dirfd
configure:13680: icc -o conftest -Wall -g -O2 -fdebug-prefix-map=/dev/shm/builddeps/libedit-dev/libbsd-dev/libbsd-dev=. -fstack-protector-strong -Wformat -Werror=format-security -march=native -pipe -Wdate-time -D_FORTIFY_SOURCE=2 -Wl,-z,relro -Wl,-z,now -Wl,--as-needed,--gc-sections,--relax conftest.c  >&5
configure:13680: $? = 0
configure:13680: result: yes
configure:13680: checking for fopencookie
configure:13680: icc -o conftest -Wall -g -O2 -fdebug-prefix-map=/dev/shm/builddeps/libedit-dev/libbsd-dev/libbsd-dev=. -fstack-protector-strong -Wformat -Werror=format-security -march=native -pipe -Wdate-time -D_FORTIFY_SOURCE=2 -Wl,-z,relro -Wl,-z,now -Wl,--as-needed,--gc-sections,--relax conftest.c  >&5
configure:13680: $? = 0
configure:13680: result: yes
configure:13680: checking for __fpurge
configure:13680: icc -o conftest -Wall -g -O2 -fdebug-prefix-map=/dev/shm/builddeps/libedit-dev/libbsd-dev/libbsd-dev=. -fstack-protector-strong -Wformat -Werror=format-security -march=native -pipe -Wdate-time -D_FORTIFY_SOURCE=2 -Wl,-z,relro -Wl,-z,now -Wl,--as-needed,--gc-sections,--relax conftest.c  >&5
configure:13680: $? = 0
configure:13680: result: yes
configure:13680: checking for getauxval
configure:13680: icc -o conftest -Wall -g -O2 -fdebug-prefix-map=/dev/shm/builddeps/libedit-dev/libbsd-dev/libbsd-dev=. -fstack-protector-strong -Wformat -Werror=format-security -march=native -pipe -Wdate-time -D_FORTIFY_SOURCE=2 -Wl,-z,relro -Wl,-z,now -Wl,--as-needed,--gc-sections,--relax conftest.c  >&5
configure:13680: $? = 0
configure:13680: result: yes
configure:13680: checking for getentropy
configure:13680: icc -o conftest -Wall -g -O2 -fdebug-prefix-map=/dev/shm/builddeps/libedit-dev/libbsd-dev/libbsd-dev=. -fstack-protector-strong -Wformat -Werror=format-security -march=native -pipe -Wdate-time -D_FORTIFY_SOURCE=2 -Wl,-z,relro -Wl,-z,now -Wl,--as-needed,--gc-sections,--relax conftest.c  >&5
configure:13680: $? = 0
configure:13680: result: yes
configure:13680: checking for getexecname
configure:13680: icc -o conftest -Wall -g -O2 -fdebug-prefix-map=/dev/shm/builddeps/libedit-dev/libbsd-dev/libbsd-dev=. -fstack-protector-strong -Wformat -Werror=format-security -march=native -pipe -Wdate-time -D_FORTIFY_SOURCE=2 -Wl,-z,relro -Wl,-z,now -Wl,--as-needed,--gc-sections,--relax conftest.c  >&5
x86_64-linux-gnu-ld: /tmp/ipo_iccYw5e63.o: in function `main':
/dev/shm/builddeps/libedit-dev/libbsd-dev/libbsd-dev/conftest.c:73: undefined reference to `getexecname'
configure:13680: $? = 1
configure: failed program was:
| /* confdefs.h */
| #define PACKAGE_NAME "libbsd"
| #define PACKAGE_TARNAME "libbsd"
| #define PACKAGE_VERSION "0.9.1"
| #define PACKAGE_STRING "libbsd 0.9.1"
| #define PACKAGE_BUGREPORT "libbsd@lists.freedesktop.org"
| #define PACKAGE_URL ""
| #define PACKAGE "libbsd"
| #define VERSION "0.9.1"
| #define STDC_HEADERS 1
| #define HAVE_SYS_TYPES_H 1
| #define HAVE_SYS_STAT_H 1
| #define HAVE_STDLIB_H 1
| #define HAVE_STRING_H 1
| #define HAVE_MEMORY_H 1
| #define HAVE_STRINGS_H 1
| #define HAVE_INTTYPES_H 1
| #define HAVE_STDINT_H 1
| #define HAVE_UNISTD_H 1
| #define __EXTENSIONS__ 1
| #define _ALL_SOURCE 1
| #define _GNU_SOURCE 1
| #define _POSIX_PTHREAD_SEMANTICS 1
| #define _TANDEM_SOURCE 1
| #define HAVE_DLFCN_H 1
| #define LT_OBJDIR ".libs/"
| #define HAVE_SYS_DIR_H 1
| #define HAVE_DIRENT_H 1
| #define HAVE_TYPEOF 1
| #define HAVE_PROGRAM_INVOCATION_SHORT_NAME 1
| #define HAVE___PROGNAME 1
| #define HAVE_CLEARENV 1
| #define HAVE_DIRFD 1
| #define HAVE_FOPENCOOKIE 1
| #define HAVE___FPURGE 1
| #define HAVE_GETAUXVAL 1
| #define HAVE_GETENTROPY 1
| /* end confdefs.h.  */
| /* Define getexecname to an innocuous variant, in case <limits.h> declares getexecname.
|    For example, HP-UX 11i <limits.h> declares gettimeofday.  */
| #define getexecname innocuous_getexecname
| 
| /* System header to define __stub macros and hopefully few prototypes,
|     which can conflict with char getexecname (); below.
|     Prefer <limits.h> to <assert.h> if __STDC__ is defined, since
|     <limits.h> exists even on freestanding compilers.  */
| 
| #ifdef __STDC__
| # include <limits.h>
| #else
| # include <assert.h>
| #endif
| 
| #undef getexecname
| 
| /* Override any GCC internal prototype to avoid an error.
|    Use char because int might match the return type of a GCC
|    builtin and then its argument prototype would still apply.  */
| #ifdef __cplusplus
| extern "C"
| #endif
| char getexecname ();
| /* The GNU C library defines this for functions which it implements
|     to always fail with ENOSYS.  Some functions are actually named
|     something starting with __ and the normal name is an alias.  */
| #if defined __stub_getexecname || defined __stub___getexecname
| choke me
| #endif
| 
| int
| main ()
| {
| return getexecname ();
|   ;
|   return 0;
| }
configure:13680: result: no
configure:13680: checking for getline
configure:13680: icc -o conftest -Wall -g -O2 -fdebug-prefix-map=/dev/shm/builddeps/libedit-dev/libbsd-dev/libbsd-dev=. -fstack-protector-strong -Wformat -Werror=format-security -march=native -pipe -Wdate-time -D_FORTIFY_SOURCE=2 -Wl,-z,relro -Wl,-z,now -Wl,--as-needed,--gc-sections,--relax conftest.c  >&5
configure:13680: $? = 0
configure:13680: result: yes
configure:13680: checking for pstat_getproc
configure:13680: icc -o conftest -Wall -g -O2 -fdebug-prefix-map=/dev/shm/builddeps/libedit-dev/libbsd-dev/libbsd-dev=. -fstack-protector-strong -Wformat -Werror=format-security -march=native -pipe -Wdate-time -D_FORTIFY_SOURCE=2 -Wl,-z,relro -Wl,-z,now -Wl,--as-needed,--gc-sections,--relax conftest.c  >&5
x86_64-linux-gnu-ld: /tmp/ipo_icc6TPtx6.o: in function `main':
/dev/shm/builddeps/libedit-dev/libbsd-dev/libbsd-dev/conftest.c:74: undefined reference to `pstat_getproc'
configure:13680: $? = 1
configure: failed program was:
| /* confdefs.h */
| #define PACKAGE_NAME "libbsd"
| #define PACKAGE_TARNAME "libbsd"
| #define PACKAGE_VERSION "0.9.1"
| #define PACKAGE_STRING "libbsd 0.9.1"
| #define PACKAGE_BUGREPORT "libbsd@lists.freedesktop.org"
| #define PACKAGE_URL ""
| #define PACKAGE "libbsd"
| #define VERSION "0.9.1"
| #define STDC_HEADERS 1
| #define HAVE_SYS_TYPES_H 1
| #define HAVE_SYS_STAT_H 1
| #define HAVE_STDLIB_H 1
| #define HAVE_STRING_H 1
| #define HAVE_MEMORY_H 1
| #define HAVE_STRINGS_H 1
| #define HAVE_INTTYPES_H 1
| #define HAVE_STDINT_H 1
| #define HAVE_UNISTD_H 1
| #define __EXTENSIONS__ 1
| #define _ALL_SOURCE 1
| #define _GNU_SOURCE 1
| #define _POSIX_PTHREAD_SEMANTICS 1
| #define _TANDEM_SOURCE 1
| #define HAVE_DLFCN_H 1
| #define LT_OBJDIR ".libs/"
| #define HAVE_SYS_DIR_H 1
| #define HAVE_DIRENT_H 1
| #define HAVE_TYPEOF 1
| #define HAVE_PROGRAM_INVOCATION_SHORT_NAME 1
| #define HAVE___PROGNAME 1
| #define HAVE_CLEARENV 1
| #define HAVE_DIRFD 1
| #define HAVE_FOPENCOOKIE 1
| #define HAVE___FPURGE 1
| #define HAVE_GETAUXVAL 1
| #define HAVE_GETENTROPY 1
| #define HAVE_GETLINE 1
| /* end confdefs.h.  */
| /* Define pstat_getproc to an innocuous variant, in case <limits.h> declares pstat_getproc.
|    For example, HP-UX 11i <limits.h> declares gettimeofday.  */
| #define pstat_getproc innocuous_pstat_getproc
| 
| /* System header to define __stub macros and hopefully few prototypes,
|     which can conflict with char pstat_getproc (); below.
|     Prefer <limits.h> to <assert.h> if __STDC__ is defined, since
|     <limits.h> exists even on freestanding compilers.  */
| 
| #ifdef __STDC__
| # include <limits.h>
| #else
| # include <assert.h>
| #endif
| 
| #undef pstat_getproc
| 
| /* Override any GCC internal prototype to avoid an error.
|    Use char because int might match the return type of a GCC
|    builtin and then its argument prototype would still apply.  */
| #ifdef __cplusplus
| extern "C"
| #endif
| char pstat_getproc ();
| /* The GNU C library defines this for functions which it implements
|     to always fail with ENOSYS.  Some functions are actually named
|     something starting with __ and the normal name is an alias.  */
| #if defined __stub_pstat_getproc || defined __stub___pstat_getproc
| choke me
| #endif
| 
| int
| main ()
| {
| return pstat_getproc ();
|   ;
|   return 0;
| }
configure:13680: result: no
configure:13680: checking for sysconf
configure:13680: icc -o conftest -Wall -g -O2 -fdebug-prefix-map=/dev/shm/builddeps/libedit-dev/libbsd-dev/libbsd-dev=. -fstack-protector-strong -Wformat -Werror=format-security -march=native -pipe -Wdate-time -D_FORTIFY_SOURCE=2 -Wl,-z,relro -Wl,-z,now -Wl,--as-needed,--gc-sections,--relax conftest.c  >&5
configure:13680: $? = 0
configure:13680: result: yes
configure:13811: checking that generated files are newer than configure
configure:13817: result: done
configure:13856: creating ./config.status

## ---------------------- ##
## Running config.status. ##
## ---------------------- ##

This file was extended by libbsd config.status 0.9.1, which was
generated by GNU Autoconf 2.69.  Invocation command line was

  CONFIG_FILES    = 
  CONFIG_HEADERS  = 
  CONFIG_LINKS    = 
  CONFIG_COMMANDS = 
  $ ./config.status 

on server

config.status:1119: creating Makefile
config.status:1119: creating include/Makefile
config.status:1119: creating man/Makefile
config.status:1119: creating src/Makefile
config.status:1119: creating src/libbsd.pc
config.status:1119: creating src/libbsd-ctor.pc
config.status:1119: creating src/libbsd-overlay.pc
config.status:1119: creating test/Makefile
config.status:1119: creating config.h
config.status:1348: executing depfiles commands
config.status:1348: executing libtool commands

## ---------------- ##
## Cache variables. ##
## ---------------- ##

ac_cv_build=x86_64-pc-linux-gnu
ac_cv_c_compiler_gnu=yes
ac_cv_c_inline=inline
ac_cv_c_int64_t=yes
ac_cv_c_typeof=typeof
ac_cv_env_CC_set=set
ac_cv_env_CC_value=icc
ac_cv_env_CFLAGS_set=set
ac_cv_env_CFLAGS_value='-Wall -g -O2 -fdebug-prefix-map=/dev/shm/builddeps/libedit-dev/libbsd-dev/libbsd-dev=. -fstack-protector-strong -Wformat -Werror=format-security -march=native -pipe'
ac_cv_env_CPPFLAGS_set=set
ac_cv_env_CPPFLAGS_value='-Wdate-time -D_FORTIFY_SOURCE=2'
ac_cv_env_CPP_set=
ac_cv_env_CPP_value=
ac_cv_env_LDFLAGS_set=set
ac_cv_env_LDFLAGS_value='-Wl,-z,relro -Wl,-z,now -Wl,--as-needed,--gc-sections,--relax'
ac_cv_env_LIBS_set=
ac_cv_env_LIBS_value=
ac_cv_env_LT_SYS_LIBRARY_PATH_set=
ac_cv_env_LT_SYS_LIBRARY_PATH_value=
ac_cv_env_build_alias_set=set
ac_cv_env_build_alias_value=x86_64-linux-gnu
ac_cv_env_host_alias_set=
ac_cv_env_host_alias_value=
ac_cv_env_target_alias_set=
ac_cv_env_target_alias_value=
ac_cv_func___fpurge=yes
ac_cv_func_clearenv=yes
ac_cv_func_dirfd=yes
ac_cv_func_fopencookie=yes
ac_cv_func_getauxval=yes
ac_cv_func_getentropy=yes
ac_cv_func_getexecname=no
ac_cv_func_getline=yes
ac_cv_func_pstat_getproc=no
ac_cv_func_sysconf=yes
ac_cv_have_decl_F_CLOSEM=no
ac_cv_header_dirent_h=yes
ac_cv_header_dlfcn_h=yes
ac_cv_header_inttypes_h=yes
ac_cv_header_memory_h=yes
ac_cv_header_minix_config_h=no
ac_cv_header_ndir_h=no
ac_cv_header_stdc=yes
ac_cv_header_stdint_h=yes
ac_cv_header_stdlib_h=yes
ac_cv_header_string_h=yes
ac_cv_header_strings_h=yes
ac_cv_header_sys_dir_h=yes
ac_cv_header_sys_ndir_h=no
ac_cv_header_sys_stat_h=yes
ac_cv_header_sys_types_h=yes
ac_cv_header_unistd_h=yes
ac_cv_host=x86_64-pc-linux-gnu
ac_cv_lib_testu01_unif01_CreateExternGenBits=no
ac_cv_objext=o
ac_cv_path_EGREP='/bin/grep -E'
ac_cv_path_FGREP='/bin/grep -F'
ac_cv_path_GREP=/bin/grep
ac_cv_path_SED=/bin/sed
ac_cv_path_install='/usr/bin/install -c'
ac_cv_path_lt_DD=/bin/dd
ac_cv_path_mkdir=/bin/mkdir
ac_cv_prog_AWK=gawk
ac_cv_prog_CPP='icc -E'
ac_cv_prog_ac_ct_CC=icc
ac_cv_prog_ac_ct_MANIFEST_TOOL=mt
ac_cv_prog_ac_ct_OBJDUMP=objdump
ac_cv_prog_ac_ct_RANLIB=ranlib
ac_cv_prog_ac_ct_STRIP=strip
ac_cv_prog_cc_c89=
ac_cv_prog_cc_g=yes
ac_cv_prog_make_make_set=yes
ac_cv_safe_to_define___extensions__=yes
ac_cv_search_clock_gettime='none required'
ac_cv_sys_file_offset_bits=no
ac_cv_sys_largefile_CC=no
ac_cv_type_mode_t=yes
ac_cv_type_off_t=yes
ac_cv_type_pid_t=yes
ac_cv_type_size_t=yes
ac_cv_type_ssize_t=yes
ac_cv_type_uid_t=yes
am_cv_CC_dependencies_compiler_type=gcc3
am_cv_make_support_nested_variables=yes
am_cv_prog_cc_c_o=yes
libbsd_cv_gnu_init_array_support=no
lt_cv_ar_at_file=@
lt_cv_archive_cmds_need_lc=no
lt_cv_deplibs_check_method=pass_all
lt_cv_file_magic_cmd='$MAGIC_CMD'
lt_cv_file_magic_test_file=
lt_cv_ld_reload_flag=-r
lt_cv_nm_interface='BSD nm'
lt_cv_objdir=.libs
lt_cv_path_LD=xild
lt_cv_path_NM='/usr/bin/nm -B'
lt_cv_path_mainfest_tool=no
lt_cv_prog_compiler_c_o=yes
lt_cv_prog_compiler_pic='-fPIC -DPIC'
lt_cv_prog_compiler_pic_works=yes
lt_cv_prog_compiler_rtti_exceptions=yes
lt_cv_prog_compiler_static_works=no
lt_cv_prog_gnu_ld=yes
lt_cv_sharedlib_from_linklib_cmd='printf %s\n'
lt_cv_shlibpath_overrides_runpath=yes
lt_cv_sys_global_symbol_pipe='sed -n -e '\''s/^.*[	 ]\([ABCDGIRSTW][ABCDGIRSTW]*\)[	 ][	 ]*\([_A-Za-z][_A-Za-z0-9]*\)$/\1 \2 \2/p'\'' | sed '\''/ __gnu_lto/d'\'''
lt_cv_sys_global_symbol_to_c_name_address='sed -n -e '\''s/^: \(.*\) .*$/  {"\1", (void *) 0},/p'\'' -e '\''s/^[ABCDGIRSTW][ABCDGIRSTW]* .* \(.*\)$/  {"\1", (void *) \&\1},/p'\'''
lt_cv_sys_global_symbol_to_c_name_address_lib_prefix='sed -n -e '\''s/^: \(.*\) .*$/  {"\1", (void *) 0},/p'\'' -e '\''s/^[ABCDGIRSTW][ABCDGIRSTW]* .* \(lib.*\)$/  {"\1", (void *) \&\1},/p'\'' -e '\''s/^[ABCDGIRSTW][ABCDGIRSTW]* .* \(.*\)$/  {"lib\1", (void *) \&\1},/p'\'''
lt_cv_sys_global_symbol_to_cdecl='sed -n -e '\''s/^T .* \(.*\)$/extern int \1();/p'\'' -e '\''s/^[ABCDGIRSTW][ABCDGIRSTW]* .* \(.*\)$/extern char \1;/p'\'''
lt_cv_sys_global_symbol_to_import=
lt_cv_sys_max_cmd_len=1572864
lt_cv_to_host_file_cmd=func_convert_file_noop
lt_cv_to_tool_file_cmd=func_convert_file_noop
lt_cv_truncate_bin='/bin/dd bs=4096 count=1'

## ----------------- ##
## Output variables. ##
## ----------------- ##

ACLOCAL='${SHELL} /dev/shm/builddeps/libedit-dev/libbsd-dev/libbsd-dev/build-aux/missing aclocal-1.15'
AMDEPBACKSLASH='\'
AMDEP_FALSE='#'
AMDEP_TRUE=''
AMTAR='$${TAR-tar}'
AM_BACKSLASH='\'
AM_DEFAULT_V='$(AM_DEFAULT_VERBOSITY)'
AM_DEFAULT_VERBOSITY='1'
AM_V='$(V)'
AR='xiar'
AUTOCONF='${SHELL} /dev/shm/builddeps/libedit-dev/libbsd-dev/libbsd-dev/build-aux/missing autoconf'
AUTOHEADER='${SHELL} /dev/shm/builddeps/libedit-dev/libbsd-dev/libbsd-dev/build-aux/missing autoheader'
AUTOMAKE='${SHELL} /dev/shm/builddeps/libedit-dev/libbsd-dev/libbsd-dev/build-aux/missing automake-1.15'
AWK='gawk'
BUILD_LIBBSD_CTOR_FALSE=''
BUILD_LIBBSD_CTOR_TRUE='#'
CC='icc'
CCDEPMODE='depmode=gcc3'
CFLAGS='-Wall -g -O2 -fdebug-prefix-map=/dev/shm/builddeps/libedit-dev/libbsd-dev/libbsd-dev=. -fstack-protector-strong -Wformat -Werror=format-security -march=native -pipe'
CLOCK_GETTIME_LIBS='-lrt'
CPP='icc -E'
CPPFLAGS='-Wdate-time -D_FORTIFY_SOURCE=2'
CYGPATH_W='echo'
DEFS='-DHAVE_CONFIG_H'
DEPDIR='.deps'
DLLTOOL='false'
DSYMUTIL=''
DUMPBIN=''
ECHO_C=''
ECHO_N='-n'
ECHO_T=''
EGREP='/bin/grep -E'
EXEEXT=''
FGREP='/bin/grep -F'
GREP='/bin/grep'
HAVE_GETENTROPY_FALSE=''
HAVE_GETENTROPY_TRUE='#'
HAVE_LIBTESTU01_FALSE=''
HAVE_LIBTESTU01_TRUE='#'
INSTALL_DATA='${INSTALL} -m 644'
INSTALL_PROGRAM='${INSTALL}'
INSTALL_SCRIPT='${INSTALL}'
INSTALL_STRIP_PROGRAM='$(install_sh) -c -s'
LD='xild -m elf_x86_64'
LDFLAGS='-Wl,-z,relro -Wl,-z,now -Wl,--as-needed,--gc-sections,--relax'
LIBBSD_ABI='0:9:1'
LIBOBJS=''
LIBS=''
LIBTOOL='$(SHELL) $(top_builddir)/libtool'
LIPO=''
LN_S='ln -s'
LTLIBOBJS=''
LT_SYS_LIBRARY_PATH=''
MAKEINFO='${SHELL} /dev/shm/builddeps/libedit-dev/libbsd-dev/libbsd-dev/build-aux/missing makeinfo'
MANIFEST_TOOL=':'
MKDIR_P='/bin/mkdir -p'
NM='/usr/bin/nm -B'
NMEDIT=''
OBJDUMP='objdump'
OBJEXT='o'
OTOOL64=''
OTOOL=''
PACKAGE='libbsd'
PACKAGE_BUGREPORT='libbsd@lists.freedesktop.org'
PACKAGE_NAME='libbsd'
PACKAGE_STRING='libbsd 0.9.1'
PACKAGE_TARNAME='libbsd'
PACKAGE_URL=''
PACKAGE_VERSION='0.9.1'
PATH_SEPARATOR=':'
RANLIB='ranlib'
SED='/bin/sed'
SET_MAKE=''
SHELL='/bin/bash'
STRIP='strip'
TESTU01_LIBS=''
VERSION='0.9.1'
ac_ct_AR=''
ac_ct_CC='icc'
ac_ct_DUMPBIN=''
am__EXEEXT_FALSE=''
am__EXEEXT_TRUE='#'
am__fastdepCC_FALSE='#'
am__fastdepCC_TRUE=''
am__include='include'
am__isrc=''
am__leading_dot='.'
am__nodep='_no'
am__quote=''
am__tar='$${TAR-tar} chof - "$$tardir"'
am__untar='$${TAR-tar} xf -'
bindir='${exec_prefix}/bin'
build='x86_64-pc-linux-gnu'
build_alias='x86_64-linux-gnu'
build_cpu='x86_64'
build_os='linux-gnu'
build_vendor='pc'
datadir='${datarootdir}'
datarootdir='${prefix}/share'
docdir='${datarootdir}/doc/${PACKAGE_TARNAME}'
dvidir='${docdir}'
exec_prefix='${prefix}'
host='x86_64-pc-linux-gnu'
host_alias=''
host_cpu='x86_64'
host_os='linux-gnu'
host_vendor='pc'
htmldir='${docdir}'
includedir='${prefix}/include'
infodir='${datarootdir}/info'
install_sh='${SHELL} /dev/shm/builddeps/libedit-dev/libbsd-dev/libbsd-dev/build-aux/install-sh'
libdir='${prefix}/lib/x86_64-linux-gnu'
libexecdir='${exec_prefix}/libexec'
localedir='${datarootdir}/locale'
localstatedir='${prefix}/var'
mandir='${datarootdir}/man'
mkdir_p='$(MKDIR_P)'
oldincludedir='/usr/include'
pdfdir='${docdir}'
prefix='/usr'
program_transform_name='s,x,x,'
psdir='${docdir}'
runstatedir='${localstatedir}/run'
sbindir='${exec_prefix}/sbin'
sharedstatedir='${prefix}/com'
sysconfdir='${prefix}/etc'
target_alias=''

## ----------- ##
## confdefs.h. ##
## ----------- ##

/* confdefs.h */
#define PACKAGE_NAME "libbsd"
#define PACKAGE_TARNAME "libbsd"
#define PACKAGE_VERSION "0.9.1"
#define PACKAGE_STRING "libbsd 0.9.1"
#define PACKAGE_BUGREPORT "libbsd@lists.freedesktop.org"
#define PACKAGE_URL ""
#define PACKAGE "libbsd"
#define VERSION "0.9.1"
#define STDC_HEADERS 1
#define HAVE_SYS_TYPES_H 1
#define HAVE_SYS_STAT_H 1
#define HAVE_STDLIB_H 1
#define HAVE_STRING_H 1
#define HAVE_MEMORY_H 1
#define HAVE_STRINGS_H 1
#define HAVE_INTTYPES_H 1
#define HAVE_STDINT_H 1
#define HAVE_UNISTD_H 1
#define __EXTENSIONS__ 1
#define _ALL_SOURCE 1
#define _GNU_SOURCE 1
#define _POSIX_PTHREAD_SEMANTICS 1
#define _TANDEM_SOURCE 1
#define HAVE_DLFCN_H 1
#define LT_OBJDIR ".libs/"
#define HAVE_SYS_DIR_H 1
#define HAVE_DIRENT_H 1
#define HAVE_TYPEOF 1
#define HAVE_PROGRAM_INVOCATION_SHORT_NAME 1
#define HAVE___PROGNAME 1
#define HAVE_CLEARENV 1
#define HAVE_DIRFD 1
#define HAVE_FOPENCOOKIE 1
#define HAVE___FPURGE 1
#define HAVE_GETAUXVAL 1
#define HAVE_GETENTROPY 1
#define HAVE_GETLINE 1
#define HAVE_SYSCONF 1

configure: exit 0
